INFO:root:collar_design_labels, resnet50_v2
INFO:root:Start Training for Task: collar_design_labels

INFO:root:collar_design_labels, resnet50_v2
INFO:root:Start Training for Task: collar_design_labels

INFO:root:collar_design_labels, resnet50_v2
INFO:root:Start Training for Task: collar_design_labels

INFO:root:collar_design_labels, resnet50_v2
INFO:root:Start Training for Task: collar_design_labels

INFO:root:[Epoch 0] Train-acc: 0.226, loss: 1.704 | Val-acc: 0.344, loss: 1.497 | time: 11.5 | learning_rate 0.000100
INFO:root:collar_design_labels, resnet50_v2
INFO:root:Start Training for Task: collar_design_labels

INFO:root:[Epoch 0] Train-acc: 0.194, loss: 1.702 | Val-acc: 0.281, loss: 1.587 | time: 11.3 | learning_rate 0.000100
INFO:root:collar_design_labels, resnet50_v2
INFO:root:Start Training for Task: collar_design_labels

INFO:root:[Epoch 0] Train-acc: 0.274, loss: 1.648 | Val-acc: 0.250, loss: 1.683 | time: 11.3 | learning_rate 0.000100
INFO:root:collar_design_labels, resnet50_v2
INFO:root:Start Training for Task: collar_design_labels

INFO:root:[Epoch 0] Train-acc: 0.242, loss: 1.685 | Val-acc: 0.312, loss: 1.551 | time: 11.3 | learning_rate 0.000100
INFO:root:collar_design_labels, resnet50_v2
INFO:root:Start Training for Task: collar_design_labels

INFO:root:[Epoch 0] Train-acc: 0.113, loss: 1.706 | Val-acc: 0.312, loss: 1.499 | time: 11.4 | learning_rate 0.000100
INFO:root:collar_design_labels, resnet50_v2
INFO:root:Start Training for Task: collar_design_labels

INFO:root:[Epoch 0] Train-acc: 0.113, loss: 1.705 | Val-acc: 0.344, loss: 1.552 | time: 11.4 | learning_rate 0.000100
INFO:root:[Epoch 1] Train-acc: 0.419, loss: 1.345 | Val-acc: 0.281, loss: 1.442 | time: 5.5 | learning_rate 0.000100
INFO:root:[Epoch 2] Train-acc: 0.677, loss: 1.077 | Val-acc: 0.219, loss: 1.901 | time: 5.5 | learning_rate 0.000100
INFO:root:[Epoch 3] Train-acc: 0.790, loss: 0.860 | Val-acc: 0.312, loss: 1.867 | time: 5.5 | learning_rate 0.000100
INFO:root:[Epoch 4] Train-acc: 0.645, loss: 0.869 | Val-acc: 0.375, loss: 2.171 | time: 5.5 | learning_rate 0.000100
INFO:root:[Epoch 5] Train-acc: 0.774, loss: 0.729 | Val-acc: 0.406, loss: 2.124 | time: 5.5 | learning_rate 0.000100
INFO:root:[Epoch 6] Train-acc: 0.823, loss: 0.669 | Val-acc: 0.438, loss: 2.113 | time: 5.5 | learning_rate 0.000100
INFO:root:[Epoch 7] Train-acc: 0.871, loss: 0.548 | Val-acc: 0.438, loss: 2.137 | time: 5.5 | learning_rate 0.000010
INFO:root:[Epoch 8] Train-acc: 0.839, loss: 0.560 | Val-acc: 0.375, loss: 2.142 | time: 5.5 | learning_rate 0.000010
INFO:root:[Epoch 9] Train-acc: 0.984, loss: 0.233 | Val-acc: 0.406, loss: 2.126 | time: 5.5 | learning_rate 0.000010
INFO:root:[Epoch 10] Train-acc: 0.855, loss: 0.606 | Val-acc: 0.375, loss: 2.373 | time: 5.5 | learning_rate 0.000010
INFO:root:[Epoch 11] Train-acc: 0.871, loss: 0.519 | Val-acc: 0.406, loss: 2.281 | time: 5.5 | learning_rate 0.000010
INFO:root:[Epoch 12] Train-acc: 0.774, loss: 0.828 | Val-acc: 0.375, loss: 2.101 | time: 5.5 | learning_rate 0.000001
INFO:root:[Epoch 13] Train-acc: 0.871, loss: 0.481 | Val-acc: 0.406, loss: 2.084 | time: 5.5 | learning_rate 0.000001
INFO:root:[Epoch 14] Train-acc: 0.952, loss: 0.365 | Val-acc: 0.406, loss: 2.012 | time: 5.5 | learning_rate 0.000001
INFO:root:

INFO:root:end
INFO:root:collar_design_labels, resnet50_v2
INFO:root:Start Training for Task: collar_design_labels

INFO:root:[Epoch 0] Train-acc: 0.196, loss: 1.671 | Val-acc: 0.156, loss: 1.591 | time: 10.3 | learning_rate 0.000100
INFO:root:[Epoch 1] Train-acc: 0.732, loss: 1.026 | Val-acc: 0.312, loss: 1.533 | time: 4.3 | learning_rate 0.000100
INFO:root:[Epoch 2] Train-acc: 0.929, loss: 0.587 | Val-acc: 0.438, loss: 1.490 | time: 4.3 | learning_rate 0.000100
INFO:root:[Epoch 3] Train-acc: 0.964, loss: 0.282 | Val-acc: 0.469, loss: 1.419 | time: 4.3 | learning_rate 0.000100
INFO:root:[Epoch 4] Train-acc: 0.982, loss: 0.212 | Val-acc: 0.344, loss: 1.543 | time: 4.3 | learning_rate 0.000100
INFO:root:[Epoch 5] Train-acc: 1.000, loss: 0.105 | Val-acc: 0.344, loss: 1.621 | time: 4.3 | learning_rate 0.000100
INFO:root:[Epoch 6] Train-acc: 1.000, loss: 0.093 | Val-acc: 0.406, loss: 1.663 | time: 4.3 | learning_rate 0.000100
INFO:root:[Epoch 7] Train-acc: 0.964, loss: 0.247 | Val-acc: 0.438, loss: 1.358 | time: 4.3 | learning_rate 0.000010
INFO:root:[Epoch 8] Train-acc: 0.982, loss: 0.214 | Val-acc: 0.406, loss: 1.356 | time: 4.3 | learning_rate 0.000010
INFO:root:[Epoch 9] Train-acc: 1.000, loss: 0.209 | Val-acc: 0.438, loss: 1.381 | time: 4.3 | learning_rate 0.000010
INFO:root:[Epoch 10] Train-acc: 1.000, loss: 0.179 | Val-acc: 0.438, loss: 1.394 | time: 4.3 | learning_rate 0.000010
INFO:root:[Epoch 11] Train-acc: 1.000, loss: 0.219 | Val-acc: 0.438, loss: 1.390 | time: 4.3 | learning_rate 0.000010
INFO:root:[Epoch 12] Train-acc: 0.964, loss: 0.267 | Val-acc: 0.406, loss: 1.372 | time: 4.3 | learning_rate 0.000001
INFO:root:[Epoch 13] Train-acc: 1.000, loss: 0.195 | Val-acc: 0.375, loss: 1.364 | time: 4.3 | learning_rate 0.000001
INFO:root:[Epoch 14] Train-acc: 0.964, loss: 0.251 | Val-acc: 0.375, loss: 1.374 | time: 4.3 | learning_rate 0.000001
INFO:root:

INFO:root:end
INFO:root:collar_design_labels, resnet50_v2
INFO:root:Start Training for Task: collar_design_labels

INFO:root:collar_design_labels, resnet50_v2
INFO:root:Start Training for Task: collar_design_labels

INFO:root:collar_design_labels, resnet50_v2
INFO:root:Start Training for Task: collar_design_labels

INFO:root:collar_design_labels, resnet50_v2
INFO:root:Start Training for Task: collar_design_labels

INFO:root:[Epoch 0] Train-acc: 0.233, loss: 1.708 | Val-acc: 0.250, loss: 1.575 | time: 5.1 | learning_rate 0.000100
INFO:root:[Epoch 1] Train-acc: 0.683, loss: 1.073 | Val-acc: 0.438, loss: 1.505 | time: 4.7 | learning_rate 0.000100
INFO:root:[Epoch 2] Train-acc: 0.967, loss: 0.567 | Val-acc: 0.406, loss: 1.470 | time: 4.7 | learning_rate 0.000100
INFO:root:[Epoch 3] Train-acc: 0.983, loss: 0.345 | Val-acc: 0.406, loss: 1.422 | time: 4.5 | learning_rate 0.000100
INFO:root:[Epoch 4] Train-acc: 0.983, loss: 0.170 | Val-acc: 0.375, loss: 1.461 | time: 4.6 | learning_rate 0.000100
INFO:root:[Epoch 5] Train-acc: 1.000, loss: 0.094 | Val-acc: 0.406, loss: 1.536 | time: 4.6 | learning_rate 0.000100
INFO:root:[Epoch 6] Train-acc: 1.000, loss: 0.075 | Val-acc: 0.531, loss: 1.615 | time: 4.6 | learning_rate 0.000100
INFO:root:[Epoch 7] Train-acc: 1.000, loss: 0.069 | Val-acc: 0.500, loss: 1.620 | time: 4.7 | learning_rate 0.000010
INFO:root:[Epoch 8] Train-acc: 1.000, loss: 0.043 | Val-acc: 0.500, loss: 1.615 | time: 4.6 | learning_rate 0.000010
INFO:root:[Epoch 9] Train-acc: 1.000, loss: 0.045 | Val-acc: 0.500, loss: 1.628 | time: 4.7 | learning_rate 0.000010
INFO:root:[Epoch 10] Train-acc: 1.000, loss: 0.049 | Val-acc: 0.531, loss: 1.661 | time: 4.7 | learning_rate 0.000010
INFO:root:[Epoch 11] Train-acc: 1.000, loss: 0.039 | Val-acc: 0.531, loss: 1.658 | time: 4.8 | learning_rate 0.000010
INFO:root:[Epoch 12] Train-acc: 1.000, loss: 0.053 | Val-acc: 0.562, loss: 1.598 | time: 4.7 | learning_rate 0.000001
INFO:root:[Epoch 13] Train-acc: 1.000, loss: 0.052 | Val-acc: 0.531, loss: 1.628 | time: 4.6 | learning_rate 0.000001
INFO:root:[Epoch 14] Train-acc: 0.983, loss: 0.103 | Val-acc: 0.531, loss: 1.662 | time: 4.6 | learning_rate 0.000001
INFO:root:

INFO:root:end
INFO:root:collar_design_labels, resnet50_v2
INFO:root:Start Training for Task: collar_design_labels

INFO:root:[Epoch 0] Train-acc: 0.728, loss: 0.719 | Val-acc: 0.790, loss: 0.548 | time: 923.6 | learning_rate 0.000100
INFO:root:[Epoch 1] Train-acc: 0.819, loss: 0.497 | Val-acc: 0.843, loss: 0.436 | time: 943.7 | learning_rate 0.000100
INFO:root:[Epoch 2] Train-acc: 0.848, loss: 0.426 | Val-acc: 0.794, loss: 0.500 | time: 937.6 | learning_rate 0.000100
INFO:root:[Epoch 3] Train-acc: 0.868, loss: 0.368 | Val-acc: 0.858, loss: 0.419 | time: 937.6 | learning_rate 0.000100
INFO:root:[Epoch 4] Train-acc: 0.883, loss: 0.326 | Val-acc: 0.835, loss: 0.473 | time: 940.4 | learning_rate 0.000100
INFO:root:[Epoch 5] Train-acc: 0.894, loss: 0.308 | Val-acc: 0.843, loss: 0.409 | time: 982.5 | learning_rate 0.000100
INFO:root:[Epoch 6] Train-acc: 0.902, loss: 0.278 | Val-acc: 0.841, loss: 0.440 | time: 982.5 | learning_rate 0.000100
INFO:root:[Epoch 7] Train-acc: 0.923, loss: 0.225 | Val-acc: 0.867, loss: 0.360 | time: 982.2 | learning_rate 0.000010
INFO:root:[Epoch 8] Train-acc: 0.936, loss: 0.185 | Val-acc: 0.874, loss: 0.336 | time: 982.2 | learning_rate 0.000010
INFO:root:[Epoch 9] Train-acc: 0.951, loss: 0.149 | Val-acc: 0.874, loss: 0.363 | time: 982.3 | learning_rate 0.000010
INFO:root:[Epoch 10] Train-acc: 0.958, loss: 0.132 | Val-acc: 0.880, loss: 0.357 | time: 982.0 | learning_rate 0.000010
INFO:root:[Epoch 11] Train-acc: 0.961, loss: 0.119 | Val-acc: 0.875, loss: 0.379 | time: 982.1 | learning_rate 0.000010
INFO:root:[Epoch 12] Train-acc: 0.964, loss: 0.111 | Val-acc: 0.875, loss: 0.348 | time: 982.0 | learning_rate 0.000001
INFO:root:[Epoch 13] Train-acc: 0.967, loss: 0.104 | Val-acc: 0.875, loss: 0.354 | time: 982.3 | learning_rate 0.000001
INFO:root:[Epoch 14] Train-acc: 0.968, loss: 0.101 | Val-acc: 0.874, loss: 0.354 | time: 982.3 | learning_rate 0.000001
INFO:root:

INFO:root:end
INFO:root:neckline_design_labels, resnet50_v2
INFO:root:Start Training for Task: neckline_design_labels

INFO:root:[Epoch 0] Train-acc: 0.682, loss: 0.952 | Val-acc: 0.803, loss: 0.583 | time: 1757.5 | learning_rate 0.000100
INFO:root:[Epoch 1] Train-acc: 0.780, loss: 0.675 | Val-acc: 0.783, loss: 0.625 | time: 1753.1 | learning_rate 0.000100
INFO:root:[Epoch 2] Train-acc: 0.807, loss: 0.584 | Val-acc: 0.782, loss: 0.652 | time: 1749.8 | learning_rate 0.000100
INFO:root:[Epoch 3] Train-acc: 0.829, loss: 0.516 | Val-acc: 0.836, loss: 0.498 | time: 1750.0 | learning_rate 0.000100
INFO:root:[Epoch 4] Train-acc: 0.847, loss: 0.466 | Val-acc: 0.830, loss: 0.520 | time: 1749.7 | learning_rate 0.000100
INFO:root:[Epoch 5] Train-acc: 0.859, loss: 0.429 | Val-acc: 0.807, loss: 0.574 | time: 1750.8 | learning_rate 0.000100
INFO:root:[Epoch 6] Train-acc: 0.869, loss: 0.399 | Val-acc: 0.845, loss: 0.485 | time: 1749.9 | learning_rate 0.000100
INFO:root:[Epoch 7] Train-acc: 0.916, loss: 0.258 | Val-acc: 0.866, loss: 0.415 | time: 1750.4 | learning_rate 0.000010
INFO:root:[Epoch 8] Train-acc: 0.934, loss: 0.207 | Val-acc: 0.869, loss: 0.411 | time: 1749.9 | learning_rate 0.000010
INFO:root:[Epoch 9] Train-acc: 0.945, loss: 0.180 | Val-acc: 0.864, loss: 0.426 | time: 1750.6 | learning_rate 0.000010
INFO:root:[Epoch 10] Train-acc: 0.950, loss: 0.163 | Val-acc: 0.863, loss: 0.430 | time: 1749.7 | learning_rate 0.000010
INFO:root:[Epoch 11] Train-acc: 0.956, loss: 0.146 | Val-acc: 0.866, loss: 0.458 | time: 1750.5 | learning_rate 0.000010
INFO:root:[Epoch 12] Train-acc: 0.944, loss: 0.177 | Val-acc: 0.869, loss: 0.411 | time: 1749.8 | learning_rate 0.000001
INFO:root:[Epoch 13] Train-acc: 0.946, loss: 0.175 | Val-acc: 0.870, loss: 0.415 | time: 1751.4 | learning_rate 0.000001
INFO:root:[Epoch 14] Train-acc: 0.948, loss: 0.169 | Val-acc: 0.872, loss: 0.409 | time: 1749.9 | learning_rate 0.000001
INFO:root:

INFO:root:end
INFO:root:neck_design_labels, resnet50_v2
INFO:root:Start Training for Task: neck_design_labels

INFO:root:[Epoch 0] Train-acc: 0.673, loss: 0.861 | Val-acc: 0.775, loss: 0.612 | time: 778.1 | learning_rate 0.000100
INFO:root:[Epoch 1] Train-acc: 0.782, loss: 0.606 | Val-acc: 0.798, loss: 0.540 | time: 778.4 | learning_rate 0.000100
INFO:root:[Epoch 2] Train-acc: 0.819, loss: 0.513 | Val-acc: 0.814, loss: 0.522 | time: 778.4 | learning_rate 0.000100
INFO:root:[Epoch 3] Train-acc: 0.840, loss: 0.454 | Val-acc: 0.828, loss: 0.485 | time: 788.8 | learning_rate 0.000100
INFO:root:[Epoch 4] Train-acc: 0.857, loss: 0.415 | Val-acc: 0.832, loss: 0.494 | time: 814.1 | learning_rate 0.000100
INFO:root:[Epoch 5] Train-acc: 0.870, loss: 0.380 | Val-acc: 0.827, loss: 0.477 | time: 742.4 | learning_rate 0.000100
INFO:root:[Epoch 6] Train-acc: 0.881, loss: 0.345 | Val-acc: 0.824, loss: 0.505 | time: 727.5 | learning_rate 0.000100
INFO:root:[Epoch 7] Train-acc: 0.912, loss: 0.261 | Val-acc: 0.860, loss: 0.432 | time: 721.3 | learning_rate 0.000010
INFO:root:[Epoch 8] Train-acc: 0.930, loss: 0.213 | Val-acc: 0.855, loss: 0.442 | time: 721.3 | learning_rate 0.000010
INFO:root:[Epoch 9] Train-acc: 0.938, loss: 0.188 | Val-acc: 0.857, loss: 0.461 | time: 775.5 | learning_rate 0.000010
INFO:root:[Epoch 10] Train-acc: 0.946, loss: 0.161 | Val-acc: 0.857, loss: 0.461 | time: 778.7 | learning_rate 0.000010
INFO:root:[Epoch 11] Train-acc: 0.955, loss: 0.143 | Val-acc: 0.844, loss: 0.476 | time: 778.6 | learning_rate 0.000010
INFO:root:[Epoch 12] Train-acc: 0.931, loss: 0.209 | Val-acc: 0.857, loss: 0.430 | time: 778.8 | learning_rate 0.000001
INFO:root:[Epoch 13] Train-acc: 0.933, loss: 0.203 | Val-acc: 0.857, loss: 0.426 | time: 778.8 | learning_rate 0.000001
INFO:root:[Epoch 14] Train-acc: 0.936, loss: 0.194 | Val-acc: 0.851, loss: 0.429 | time: 778.9 | learning_rate 0.000001
INFO:root:

INFO:root:end
INFO:root:lapel_design_labels, resnet50_v2
INFO:root:Start Training for Task: lapel_design_labels

INFO:root:[Epoch 0] Train-acc: 0.677, loss: 0.853 | Val-acc: 0.800, loss: 0.571 | time: 894.3 | learning_rate 0.000100
INFO:root:[Epoch 1] Train-acc: 0.789, loss: 0.593 | Val-acc: 0.818, loss: 0.516 | time: 894.1 | learning_rate 0.000100
INFO:root:[Epoch 2] Train-acc: 0.822, loss: 0.505 | Val-acc: 0.848, loss: 0.442 | time: 894.4 | learning_rate 0.000100
INFO:root:[Epoch 3] Train-acc: 0.850, loss: 0.435 | Val-acc: 0.818, loss: 0.515 | time: 894.4 | learning_rate 0.000100
INFO:root:[Epoch 4] Train-acc: 0.860, loss: 0.403 | Val-acc: 0.863, loss: 0.406 | time: 894.4 | learning_rate 0.000100
INFO:root:[Epoch 5] Train-acc: 0.875, loss: 0.353 | Val-acc: 0.863, loss: 0.413 | time: 894.5 | learning_rate 0.000100
INFO:root:[Epoch 6] Train-acc: 0.887, loss: 0.322 | Val-acc: 0.849, loss: 0.458 | time: 894.3 | learning_rate 0.000100
INFO:root:[Epoch 7] Train-acc: 0.923, loss: 0.234 | Val-acc: 0.879, loss: 0.327 | time: 894.3 | learning_rate 0.000010
INFO:root:[Epoch 8] Train-acc: 0.941, loss: 0.180 | Val-acc: 0.889, loss: 0.314 | time: 894.3 | learning_rate 0.000010
INFO:root:[Epoch 9] Train-acc: 0.951, loss: 0.148 | Val-acc: 0.891, loss: 0.320 | time: 894.3 | learning_rate 0.000010
INFO:root:[Epoch 10] Train-acc: 0.959, loss: 0.130 | Val-acc: 0.899, loss: 0.331 | time: 891.3 | learning_rate 0.000010
INFO:root:[Epoch 11] Train-acc: 0.968, loss: 0.105 | Val-acc: 0.889, loss: 0.354 | time: 852.9 | learning_rate 0.000010
INFO:root:[Epoch 12] Train-acc: 0.970, loss: 0.104 | Val-acc: 0.903, loss: 0.327 | time: 829.9 | learning_rate 0.000001
INFO:root:[Epoch 13] Train-acc: 0.970, loss: 0.099 | Val-acc: 0.901, loss: 0.325 | time: 843.9 | learning_rate 0.000001
INFO:root:[Epoch 14] Train-acc: 0.971, loss: 0.099 | Val-acc: 0.894, loss: 0.324 | time: 863.8 | learning_rate 0.000001
INFO:root:

INFO:root:end
INFO:root:skirt_length_labels, resnet50_v2
INFO:root:Start Training for Task: skirt_length_labels

INFO:root:skirt_length_labels, resnet50_v2
INFO:root:Start Training for Task: skirt_length_labels

INFO:root:skirt_length_labels, resnet50_v2
INFO:root:Start Training for Task: skirt_length_labels

INFO:root:[Epoch 0] Train-acc: 0.649, loss: 0.910 | Val-acc: 0.730, mAP: 0.909, loss: 0.710 | time: 1248.8 | learning_rate 0.000100
INFO:root:skirt_length_labels, resnet50_v2
INFO:root:Start Training for Task: skirt_length_labels

INFO:root:[Epoch 0] Train-acc: 0.100, loss: 1.920 | Val-acc: 0.400, mAP: 0.790, loss: 1.665 | time: 3.9 | learning_rate 0.000100
INFO:root:skirt_length_labels, resnet50_v2
INFO:root:Start Training for Task: skirt_length_labels

INFO:root:[Epoch 0] Train-acc: 0.150, loss: 1.884 | Val-acc: 0.250, mAP: 0.614, loss: 1.769 | time: 4.1 | learning_rate 0.000100
INFO:root:[Epoch 1] Train-acc: 0.600, loss: 1.256 | Val-acc: 0.600, mAP: 0.887, loss: 1.403 | time: 2.1 | learning_rate 0.000100
INFO:root:[Epoch 2] Train-acc: 0.750, loss: 0.977 | Val-acc: 0.650, mAP: 0.947, loss: 1.012 | time: 2.1 | learning_rate 0.000100
INFO:root:[Epoch 3] Train-acc: 0.900, loss: 0.513 | Val-acc: 0.750, mAP: 0.950, loss: 0.714 | time: 2.1 | learning_rate 0.000100
INFO:root:[Epoch 4] Train-acc: 1.000, loss: 0.330 | Val-acc: 0.850, mAP: 0.981, loss: 0.470 | time: 2.1 | learning_rate 0.000100
INFO:root:[Epoch 5] Train-acc: 1.000, loss: 0.250 | Val-acc: 0.950, mAP: 1.000, loss: 0.297 | time: 2.1 | learning_rate 0.000100
INFO:root:[Epoch 6] Train-acc: 1.000, loss: 0.180 | Val-acc: 1.000, mAP: 1.000, loss: 0.178 | time: 2.1 | learning_rate 0.000100
INFO:root:[Epoch 7] Train-acc: 1.000, loss: 0.134 | Val-acc: 1.000, mAP: 1.000, loss: 0.136 | time: 2.1 | learning_rate 0.000010
INFO:root:[Epoch 8] Train-acc: 1.000, loss: 0.134 | Val-acc: 1.000, mAP: 1.000, loss: 0.109 | time: 2.1 | learning_rate 0.000010
INFO:root:[Epoch 9] Train-acc: 1.000, loss: 0.090 | Val-acc: 1.000, mAP: 1.000, loss: 0.087 | time: 2.1 | learning_rate 0.000010
INFO:root:[Epoch 10] Train-acc: 1.000, loss: 0.096 | Val-acc: 1.000, mAP: 1.000, loss: 0.075 | time: 2.1 | learning_rate 0.000010
INFO:root:[Epoch 11] Train-acc: 1.000, loss: 0.094 | Val-acc: 1.000, mAP: 1.000, loss: 0.064 | time: 2.1 | learning_rate 0.000010
INFO:root:[Epoch 12] Train-acc: 1.000, loss: 0.127 | Val-acc: 1.000, mAP: 1.000, loss: 0.142 | time: 2.1 | learning_rate 0.000001
INFO:root:[Epoch 13] Train-acc: 1.000, loss: 0.084 | Val-acc: 1.000, mAP: 1.000, loss: 0.114 | time: 2.1 | learning_rate 0.000001
INFO:root:[Epoch 14] Train-acc: 1.000, loss: 0.089 | Val-acc: 1.000, mAP: 1.000, loss: 0.101 | time: 2.1 | learning_rate 0.000001
INFO:root:

INFO:root:end
INFO:root:skirt_length_labels, resnet50_v2
INFO:root:Start Training for Task: skirt_length_labels

INFO:root:skirt_length_labels, resnet50_v2
INFO:root:Start Training for Task: skirt_length_labels

INFO:root:[Epoch 0] Train-acc: 0.650, loss: 0.907 | Val-acc: 0.728, mAP: 0.905, loss: 0.693 | time: 1243.2 | learning_rate 0.000100
INFO:root:[Epoch 1] Train-acc: 0.738, loss: 0.687 | Val-acc: 0.748, mAP: 0.913, loss: 0.685 | time: 1241.2 | learning_rate 0.000100
INFO:root:[Epoch 2] Train-acc: 0.769, loss: 0.599 | Val-acc: 0.743, mAP: 0.906, loss: 0.614 | time: 1241.5 | learning_rate 0.000100
INFO:root:[Epoch 3] Train-acc: 0.798, loss: 0.528 | Val-acc: 0.770, mAP: 0.925, loss: 0.620 | time: 1241.3 | learning_rate 0.000100
INFO:root:[Epoch 4] Train-acc: 0.819, loss: 0.476 | Val-acc: 0.769, mAP: 0.914, loss: 0.594 | time: 1241.2 | learning_rate 0.000100
INFO:root:[Epoch 5] Train-acc: 0.836, loss: 0.421 | Val-acc: 0.745, mAP: 0.910, loss: 0.709 | time: 1241.2 | learning_rate 0.000100
INFO:root:[Epoch 6] Train-acc: 0.856, loss: 0.374 | Val-acc: 0.783, mAP: 0.915, loss: 0.627 | time: 1241.1 | learning_rate 0.000100
INFO:root:[Epoch 7] Train-acc: 0.919, loss: 0.226 | Val-acc: 0.807, mAP: 0.920, loss: 0.537 | time: 1241.3 | learning_rate 0.000010
INFO:root:[Epoch 8] Train-acc: 0.945, loss: 0.160 | Val-acc: 0.796, mAP: 0.900, loss: 0.578 | time: 1241.2 | learning_rate 0.000010
INFO:root:[Epoch 9] Train-acc: 0.956, loss: 0.131 | Val-acc: 0.793, mAP: 0.901, loss: 0.607 | time: 1241.2 | learning_rate 0.000010
INFO:root:[Epoch 10] Train-acc: 0.965, loss: 0.104 | Val-acc: 0.799, mAP: 0.901, loss: 0.644 | time: 1241.2 | learning_rate 0.000010
INFO:root:[Epoch 11] Train-acc: 0.974, loss: 0.083 | Val-acc: 0.797, mAP: 0.901, loss: 0.648 | time: 1241.3 | learning_rate 0.000010
INFO:root:[Epoch 12] Train-acc: 0.943, loss: 0.166 | Val-acc: 0.806, mAP: 0.910, loss: 0.545 | time: 1241.2 | learning_rate 0.000001
INFO:root:[Epoch 13] Train-acc: 0.948, loss: 0.156 | Val-acc: 0.801, mAP: 0.905, loss: 0.564 | time: 1241.3 | learning_rate 0.000001
INFO:root:[Epoch 14] Train-acc: 0.950, loss: 0.153 | Val-acc: 0.802, mAP: 0.907, loss: 0.553 | time: 1241.2 | learning_rate 0.000001
INFO:root:

INFO:root:end
INFO:root:coat_length_labels, resnet50_v2
INFO:root:Start Training for Task: coat_length_labels

INFO:root:[Epoch 0] Train-acc: 0.557, loss: 1.167 | Val-acc: 0.629, mAP: 0.872, loss: 0.947 | time: 1618.1 | learning_rate 0.000100
INFO:root:[Epoch 1] Train-acc: 0.662, loss: 0.891 | Val-acc: 0.695, mAP: 0.896, loss: 0.843 | time: 1591.1 | learning_rate 0.000100
INFO:root:[Epoch 2] Train-acc: 0.710, loss: 0.767 | Val-acc: 0.705, mAP: 0.897, loss: 0.782 | time: 1589.3 | learning_rate 0.000100
INFO:root:[Epoch 3] Train-acc: 0.746, loss: 0.673 | Val-acc: 0.700, mAP: 0.890, loss: 0.769 | time: 1589.3 | learning_rate 0.000100
INFO:root:[Epoch 4] Train-acc: 0.775, loss: 0.590 | Val-acc: 0.722, mAP: 0.895, loss: 0.739 | time: 1590.1 | learning_rate 0.000100
INFO:root:[Epoch 5] Train-acc: 0.800, loss: 0.521 | Val-acc: 0.725, mAP: 0.890, loss: 0.749 | time: 1591.0 | learning_rate 0.000100
INFO:root:[Epoch 6] Train-acc: 0.832, loss: 0.445 | Val-acc: 0.711, mAP: 0.879, loss: 0.804 | time: 1589.1 | learning_rate 0.000100
INFO:root:[Epoch 7] Train-acc: 0.892, loss: 0.304 | Val-acc: 0.762, mAP: 0.910, loss: 0.658 | time: 1589.1 | learning_rate 0.000010
INFO:root:[Epoch 8] Train-acc: 0.927, loss: 0.214 | Val-acc: 0.760, mAP: 0.899, loss: 0.699 | time: 1589.2 | learning_rate 0.000010
INFO:root:[Epoch 9] Train-acc: 0.944, loss: 0.169 | Val-acc: 0.751, mAP: 0.891, loss: 0.742 | time: 1589.2 | learning_rate 0.000010
INFO:root:[Epoch 10] Train-acc: 0.959, loss: 0.133 | Val-acc: 0.765, mAP: 0.891, loss: 0.759 | time: 1588.7 | learning_rate 0.000010
INFO:root:[Epoch 11] Train-acc: 0.969, loss: 0.103 | Val-acc: 0.760, mAP: 0.891, loss: 0.776 | time: 1588.6 | learning_rate 0.000010
INFO:root:[Epoch 12] Train-acc: 0.973, loss: 0.099 | Val-acc: 0.768, mAP: 0.897, loss: 0.754 | time: 1588.2 | learning_rate 0.000001
INFO:root:[Epoch 13] Train-acc: 0.976, loss: 0.093 | Val-acc: 0.762, mAP: 0.899, loss: 0.760 | time: 1588.1 | learning_rate 0.000001
INFO:root:[Epoch 14] Train-acc: 0.976, loss: 0.089 | Val-acc: 0.759, mAP: 0.884, loss: 0.761 | time: 1587.8 | learning_rate 0.000001
INFO:root:

INFO:root:end
INFO:root:pant_length_labels, resnet50_v2
INFO:root:Start Training for Task: pant_length_labels

INFO:root:[Epoch 0] Train-acc: 0.663, loss: 0.857 | Val-acc: 0.751, mAP: 0.918, loss: 0.619 | time: 1319.5 | learning_rate 0.000100
INFO:root:pant_length_labels, resnet50_v2
INFO:root:Start Training for Task: pant_length_labels

INFO:root:[Epoch 0] Train-acc: 0.662, loss: 0.858 | Val-acc: 0.754, mAP: 0.913, loss: 0.627 | time: 1294.6 | learning_rate 0.000100
INFO:root:[Epoch 1] Train-acc: 0.755, loss: 0.627 | Val-acc: 0.779, mAP: 0.931, loss: 0.549 | time: 1323.3 | learning_rate 0.000100
INFO:root:[Epoch 2] Train-acc: 0.791, loss: 0.533 | Val-acc: 0.795, mAP: 0.933, loss: 0.486 | time: 1323.3 | learning_rate 0.000100
INFO:root:[Epoch 3] Train-acc: 0.816, loss: 0.464 | Val-acc: 0.783, mAP: 0.919, loss: 0.532 | time: 1321.9 | learning_rate 0.000100
INFO:root:[Epoch 4] Train-acc: 0.835, loss: 0.412 | Val-acc: 0.790, mAP: 0.917, loss: 0.525 | time: 1312.1 | learning_rate 0.000100
INFO:root:pant_length_labels, resnet50_v2
INFO:root:Start Training for Task: pant_length_labels

INFO:root:[Epoch 0] Train-acc: 0.650, loss: 0.885 | Val-acc: 0.776, mAP: 0.931, loss: 0.598 | time: 1260.9 | learning_rate 0.000100
INFO:root:[Epoch 1] Train-acc: 0.754, loss: 0.632 | Val-acc: 0.807, mAP: 0.939, loss: 0.535 | time: 1234.0 | learning_rate 0.000100
INFO:root:[Epoch 2] Train-acc: 0.786, loss: 0.544 | Val-acc: 0.769, mAP: 0.926, loss: 0.562 | time: 1233.7 | learning_rate 0.000100
INFO:root:[Epoch 3] Train-acc: 0.815, loss: 0.475 | Val-acc: 0.788, mAP: 0.919, loss: 0.560 | time: 1233.8 | learning_rate 0.000100
INFO:root:[Epoch 4] Train-acc: 0.830, loss: 0.428 | Val-acc: 0.772, mAP: 0.910, loss: 0.603 | time: 1233.8 | learning_rate 0.000100
INFO:root:[Epoch 5] Train-acc: 0.847, loss: 0.381 | Val-acc: 0.773, mAP: 0.913, loss: 0.559 | time: 1233.6 | learning_rate 0.000100
INFO:root:[Epoch 6] Train-acc: 0.866, loss: 0.336 | Val-acc: 0.813, mAP: 0.940, loss: 0.484 | time: 1233.7 | learning_rate 0.000100
INFO:root:[Epoch 7] Train-acc: 0.922, loss: 0.200 | Val-acc: 0.830, mAP: 0.936, loss: 0.434 | time: 1233.6 | learning_rate 0.000010
INFO:root:[Epoch 8] Train-acc: 0.943, loss: 0.149 | Val-acc: 0.832, mAP: 0.940, loss: 0.443 | time: 1233.4 | learning_rate 0.000010
INFO:root:[Epoch 9] Train-acc: 0.955, loss: 0.122 | Val-acc: 0.828, mAP: 0.935, loss: 0.461 | time: 1233.4 | learning_rate 0.000010
INFO:root:[Epoch 10] Train-acc: 0.964, loss: 0.098 | Val-acc: 0.831, mAP: 0.931, loss: 0.473 | time: 1233.5 | learning_rate 0.000010
INFO:root:[Epoch 11] Train-acc: 0.971, loss: 0.081 | Val-acc: 0.820, mAP: 0.920, loss: 0.501 | time: 1233.5 | learning_rate 0.000010
INFO:root:[Epoch 12] Train-acc: 0.958, loss: 0.118 | Val-acc: 0.826, mAP: 0.941, loss: 0.439 | time: 1233.4 | learning_rate 0.000001
INFO:root:[Epoch 13] Train-acc: 0.960, loss: 0.113 | Val-acc: 0.827, mAP: 0.941, loss: 0.434 | time: 1233.6 | learning_rate 0.000001
INFO:root:[Epoch 14] Train-acc: 0.960, loss: 0.109 | Val-acc: 0.833, mAP: 0.936, loss: 0.443 | time: 1233.7 | learning_rate 0.000001
INFO:root:

INFO:root:end
INFO:root:sleeve_length_labels, resnet50_v2
INFO:root:Start Training for Task: sleeve_length_labels

INFO:root:[Epoch 0] Train-acc: 0.594, loss: 1.070 | Val-acc: 0.706, mAP: 0.898, loss: 0.801 | time: 1759.4 | learning_rate 0.000100
INFO:root:[Epoch 1] Train-acc: 0.706, loss: 0.778 | Val-acc: 0.728, mAP: 0.911, loss: 0.701 | time: 1757.9 | learning_rate 0.000100
INFO:root:[Epoch 2] Train-acc: 0.749, loss: 0.661 | Val-acc: 0.708, mAP: 0.886, loss: 0.769 | time: 1756.1 | learning_rate 0.000100
INFO:root:[Epoch 3] Train-acc: 0.777, loss: 0.586 | Val-acc: 0.746, mAP: 0.914, loss: 0.658 | time: 1756.4 | learning_rate 0.000100
INFO:root:[Epoch 4] Train-acc: 0.805, loss: 0.514 | Val-acc: 0.763, mAP: 0.914, loss: 0.621 | time: 1756.5 | learning_rate 0.000100
INFO:root:[Epoch 5] Train-acc: 0.819, loss: 0.471 | Val-acc: 0.756, mAP: 0.901, loss: 0.641 | time: 1757.6 | learning_rate 0.000100
INFO:root:[Epoch 6] Train-acc: 0.841, loss: 0.419 | Val-acc: 0.763, mAP: 0.910, loss: 0.638 | time: 1758.1 | learning_rate 0.000100
INFO:root:[Epoch 7] Train-acc: 0.876, loss: 0.321 | Val-acc: 0.787, mAP: 0.910, loss: 0.556 | time: 1756.7 | learning_rate 0.000010
INFO:root:[Epoch 8] Train-acc: 0.905, loss: 0.251 | Val-acc: 0.794, mAP: 0.923, loss: 0.547 | time: 1756.6 | learning_rate 0.000010
INFO:root:[Epoch 9] Train-acc: 0.921, loss: 0.211 | Val-acc: 0.797, mAP: 0.915, loss: 0.549 | time: 1756.3 | learning_rate 0.000010
INFO:root:[Epoch 10] Train-acc: 0.937, loss: 0.177 | Val-acc: 0.799, mAP: 0.918, loss: 0.573 | time: 1756.3 | learning_rate 0.000010
INFO:root:[Epoch 11] Train-acc: 0.947, loss: 0.152 | Val-acc: 0.794, mAP: 0.914, loss: 0.597 | time: 1756.2 | learning_rate 0.000010
INFO:root:[Epoch 12] Train-acc: 0.952, loss: 0.142 | Val-acc: 0.796, mAP: 0.913, loss: 0.576 | time: 1756.5 | learning_rate 0.000001
INFO:root:[Epoch 13] Train-acc: 0.952, loss: 0.139 | Val-acc: 0.805, mAP: 0.919, loss: 0.583 | time: 1756.6 | learning_rate 0.000001
INFO:root:[Epoch 14] Train-acc: 0.956, loss: 0.133 | Val-acc: 0.803, mAP: 0.913, loss: 0.580 | time: 1756.4 | learning_rate 0.000001
INFO:root:

INFO:root:end
